{"/Users/Tom/Dev/node_projects/video_site/client/src/js/history.js": {"path":"/Users/Tom/Dev/node_projects/video_site/client/src/js/history.js","statementMap":{},"fnMap":{},"branchMap":{},"s":{},"f":{},"b":{},"_coverageSchema":"1a1c01bbd47fc00a2c39e90264f33305004495a9","hash":"c7738f817f165d1efaece48749c1045db8cf8d41"}
,"/Users/Tom/Dev/node_projects/video_site/client/src/js/__tests__/test-utils.js": {"path":"/Users/Tom/Dev/node_projects/video_site/client/src/js/__tests__/test-utils.js","statementMap":{"0":{"start":{"line":11,"column":19},"end":{"line":14,"column":1}},"1":{"start":{"line":25,"column":8},"end":{"line":25,"column":60}},"2":{"start":{"line":27,"column":4},"end":{"line":27,"column":64}}},"fnMap":{"0":{"name":"render","decl":{"start":{"line":16,"column":9},"end":{"line":16,"column":15}},"loc":{"start":{"line":23,"column":2},"end":{"line":28,"column":1}},"line":23},"1":{"name":"Wrapper","decl":{"start":{"line":24,"column":13},"end":{"line":24,"column":20}},"loc":{"start":{"line":24,"column":35},"end":{"line":26,"column":5}},"line":24}},"branchMap":{"0":{"loc":{"start":{"line":18,"column":4},"end":{"line":22,"column":10}},"type":"default-arg","locations":[{"start":{"line":22,"column":8},"end":{"line":22,"column":10}}],"line":18},"1":{"loc":{"start":{"line":19,"column":8},"end":{"line":19,"column":25}},"type":"default-arg","locations":[{"start":{"line":19,"column":23},"end":{"line":19,"column":25}}],"line":19},"2":{"loc":{"start":{"line":20,"column":8},"end":{"line":20,"column":104}},"type":"default-arg","locations":[{"start":{"line":20,"column":16},"end":{"line":20,"column":104}}],"line":20}},"s":{"0":1,"1":6,"2":6},"f":{"0":6,"1":6},"b":{"0":[6],"1":[6],"2":[6]},"_coverageSchema":"1a1c01bbd47fc00a2c39e90264f33305004495a9","hash":"0ceb6e92b5feff9be496189a5021e3fb9366d881"}
,"/Users/Tom/Dev/node_projects/video_site/client/src/js/actions/userActions.js": {"path":"/Users/Tom/Dev/node_projects/video_site/client/src/js/actions/userActions.js","statementMap":{"0":{"start":{"line":6,"column":34},"end":{"line":9,"column":2}},"1":{"start":{"line":6,"column":45},"end":{"line":9,"column":1}},"2":{"start":{"line":11,"column":34},"end":{"line":14,"column":2}},"3":{"start":{"line":11,"column":46},"end":{"line":14,"column":1}},"4":{"start":{"line":16,"column":31},"end":{"line":19,"column":2}},"5":{"start":{"line":16,"column":42},"end":{"line":19,"column":1}},"6":{"start":{"line":21,"column":31},"end":{"line":24,"column":2}},"7":{"start":{"line":21,"column":43},"end":{"line":24,"column":1}},"8":{"start":{"line":28,"column":4},"end":{"line":39,"column":5}},"9":{"start":{"line":29,"column":8},"end":{"line":38,"column":15}},"10":{"start":{"line":31,"column":16},"end":{"line":31,"column":36}},"11":{"start":{"line":32,"column":16},"end":{"line":32,"column":65}},"12":{"start":{"line":33,"column":16},"end":{"line":33,"column":52}},"13":{"start":{"line":34,"column":16},"end":{"line":34,"column":36}},"14":{"start":{"line":36,"column":16},"end":{"line":36,"column":33}},"15":{"start":{"line":37,"column":16},"end":{"line":37,"column":63}},"16":{"start":{"line":43,"column":4},"end":{"line":53,"column":5}},"17":{"start":{"line":44,"column":8},"end":{"line":52,"column":15}},"18":{"start":{"line":46,"column":16},"end":{"line":46,"column":62}},"19":{"start":{"line":47,"column":16},"end":{"line":47,"column":52}},"20":{"start":{"line":48,"column":16},"end":{"line":48,"column":44}},"21":{"start":{"line":50,"column":16},"end":{"line":50,"column":33}},"22":{"start":{"line":51,"column":16},"end":{"line":51,"column":60}}},"fnMap":{"0":{"name":"(anonymous_0)","decl":{"start":{"line":6,"column":34},"end":{"line":6,"column":35}},"loc":{"start":{"line":6,"column":45},"end":{"line":9,"column":1}},"line":6},"1":{"name":"(anonymous_1)","decl":{"start":{"line":11,"column":34},"end":{"line":11,"column":35}},"loc":{"start":{"line":11,"column":46},"end":{"line":14,"column":1}},"line":11},"2":{"name":"(anonymous_2)","decl":{"start":{"line":16,"column":31},"end":{"line":16,"column":32}},"loc":{"start":{"line":16,"column":42},"end":{"line":19,"column":1}},"line":16},"3":{"name":"(anonymous_3)","decl":{"start":{"line":21,"column":31},"end":{"line":21,"column":32}},"loc":{"start":{"line":21,"column":43},"end":{"line":24,"column":1}},"line":21},"4":{"name":"userRegister","decl":{"start":{"line":27,"column":16},"end":{"line":27,"column":28}},"loc":{"start":{"line":27,"column":34},"end":{"line":40,"column":1}},"line":27},"5":{"name":"(anonymous_5)","decl":{"start":{"line":28,"column":11},"end":{"line":28,"column":12}},"loc":{"start":{"line":28,"column":25},"end":{"line":39,"column":5}},"line":28},"6":{"name":"(anonymous_6)","decl":{"start":{"line":30,"column":18},"end":{"line":30,"column":19}},"loc":{"start":{"line":30,"column":28},"end":{"line":35,"column":13}},"line":30},"7":{"name":"(anonymous_7)","decl":{"start":{"line":35,"column":21},"end":{"line":35,"column":22}},"loc":{"start":{"line":35,"column":28},"end":{"line":38,"column":13}},"line":35},"8":{"name":"userLogin","decl":{"start":{"line":42,"column":16},"end":{"line":42,"column":25}},"loc":{"start":{"line":42,"column":50},"end":{"line":54,"column":1}},"line":42},"9":{"name":"(anonymous_9)","decl":{"start":{"line":43,"column":11},"end":{"line":43,"column":12}},"loc":{"start":{"line":43,"column":25},"end":{"line":53,"column":5}},"line":43},"10":{"name":"(anonymous_10)","decl":{"start":{"line":45,"column":18},"end":{"line":45,"column":19}},"loc":{"start":{"line":45,"column":28},"end":{"line":49,"column":13}},"line":45},"11":{"name":"(anonymous_11)","decl":{"start":{"line":49,"column":21},"end":{"line":49,"column":22}},"loc":{"start":{"line":49,"column":28},"end":{"line":52,"column":13}},"line":49}},"branchMap":{"0":{"loc":{"start":{"line":42,"column":32},"end":{"line":42,"column":49}},"type":"default-arg","locations":[{"start":{"line":42,"column":46},"end":{"line":42,"column":49}}],"line":42}},"s":{"0":1,"1":0,"2":1,"3":0,"4":1,"5":1,"6":1,"7":0,"8":0,"9":0,"10":0,"11":0,"12":0,"13":0,"14":0,"15":0,"16":1,"17":1,"18":1,"19":1,"20":1,"21":0,"22":0},"f":{"0":0,"1":0,"2":1,"3":0,"4":0,"5":0,"6":0,"7":0,"8":1,"9":1,"10":1,"11":0},"b":{"0":[1]},"_coverageSchema":"1a1c01bbd47fc00a2c39e90264f33305004495a9","hash":"774b5a34bf1d483c790d6150580e8bda2852cbde"}
,"/Users/Tom/Dev/node_projects/video_site/client/src/js/pages/LoginPage.tsx": {"path":"/Users/Tom/Dev/node_projects/video_site/client/src/js/pages/LoginPage.tsx","statementMap":{"0":{"start":{"line":18,"column":8},"end":{"line":18,"column":21}},"1":{"start":{"line":20,"column":8},"end":{"line":24,"column":9}},"2":{"start":{"line":27,"column":19},"end":{"line":34,"column":5}},"3":{"start":{"line":28,"column":8},"end":{"line":28,"column":27}},"4":{"start":{"line":30,"column":8},"end":{"line":33,"column":34}},"5":{"start":{"line":36,"column":19},"end":{"line":40,"column":5}},"6":{"start":{"line":37,"column":8},"end":{"line":39,"column":66}},"7":{"start":{"line":43,"column":8},"end":{"line":56,"column":9}},"8":{"start":{"line":60,"column":24},"end":{"line":66,"column":1}},"9":{"start":{"line":61,"column":26},"end":{"line":61,"column":37}},"10":{"start":{"line":62,"column":4},"end":{"line":65,"column":5}},"11":{"start":{"line":68,"column":27},"end":{"line":68,"column":40}}},"fnMap":{"0":{"name":"(anonymous_0)","decl":{"start":{"line":17,"column":4},"end":{"line":17,"column":5}},"loc":{"start":{"line":17,"column":23},"end":{"line":25,"column":5}},"line":17},"1":{"name":"(anonymous_1)","decl":{"start":{"line":27,"column":19},"end":{"line":27,"column":20}},"loc":{"start":{"line":27,"column":26},"end":{"line":34,"column":5}},"line":27},"2":{"name":"(anonymous_2)","decl":{"start":{"line":36,"column":19},"end":{"line":36,"column":20}},"loc":{"start":{"line":36,"column":63},"end":{"line":40,"column":5}},"line":36},"3":{"name":"(anonymous_3)","decl":{"start":{"line":42,"column":4},"end":{"line":42,"column":5}},"loc":{"start":{"line":42,"column":12},"end":{"line":57,"column":5}},"line":42},"4":{"name":"(anonymous_4)","decl":{"start":{"line":60,"column":24},"end":{"line":60,"column":25}},"loc":{"start":{"line":60,"column":43},"end":{"line":66,"column":1}},"line":60}},"branchMap":{},"s":{"0":6,"1":6,"2":6,"3":1,"4":1,"5":6,"6":32,"7":39,"8":1,"9":7,"10":7,"11":1},"f":{"0":6,"1":1,"2":32,"3":39,"4":7},"b":{},"_coverageSchema":"1a1c01bbd47fc00a2c39e90264f33305004495a9","hash":"cd66fde89f23217a519a1290d9f1be33fd3bc1fe"}
,"/Users/Tom/Dev/node_projects/video_site/client/src/js/reducers/index.js": {"path":"/Users/Tom/Dev/node_projects/video_site/client/src/js/reducers/index.js","statementMap":{"0":{"start":{"line":5,"column":20},"end":{"line":8,"column":2}},"1":{"start":{"line":5,"column":33},"end":{"line":8,"column":2}}},"fnMap":{"0":{"name":"(anonymous_0)","decl":{"start":{"line":5,"column":20},"end":{"line":5,"column":21}},"loc":{"start":{"line":5,"column":33},"end":{"line":8,"column":2}},"line":5}},"branchMap":{},"s":{"0":1,"1":6},"f":{"0":6},"b":{},"_coverageSchema":"1a1c01bbd47fc00a2c39e90264f33305004495a9","hash":"3cf1bd41a1d26cf0a85482add3d4871fd7e6b815"}
,"/Users/Tom/Dev/node_projects/video_site/client/src/js/reducers/userReducer.js": {"path":"/Users/Tom/Dev/node_projects/video_site/client/src/js/reducers/userReducer.js","statementMap":{"0":{"start":{"line":1,"column":21},"end":{"line":5,"column":1}},"1":{"start":{"line":8,"column":4},"end":{"line":39,"column":5}},"2":{"start":{"line":10,"column":12},"end":{"line":15,"column":14}},"3":{"start":{"line":17,"column":12},"end":{"line":22,"column":14}},"4":{"start":{"line":24,"column":12},"end":{"line":29,"column":14}},"5":{"start":{"line":31,"column":12},"end":{"line":36,"column":14}},"6":{"start":{"line":38,"column":12},"end":{"line":38,"column":25}}},"fnMap":{"0":{"name":"userReducer","decl":{"start":{"line":7,"column":9},"end":{"line":7,"column":20}},"loc":{"start":{"line":7,"column":50},"end":{"line":40,"column":1}},"line":7}},"branchMap":{"0":{"loc":{"start":{"line":7,"column":21},"end":{"line":7,"column":41}},"type":"default-arg","locations":[{"start":{"line":7,"column":29},"end":{"line":7,"column":41}}],"line":7},"1":{"loc":{"start":{"line":8,"column":4},"end":{"line":39,"column":5}},"type":"switch","locations":[{"start":{"line":9,"column":8},"end":{"line":15,"column":14}},{"start":{"line":16,"column":8},"end":{"line":22,"column":14}},{"start":{"line":23,"column":8},"end":{"line":29,"column":14}},{"start":{"line":30,"column":8},"end":{"line":36,"column":14}},{"start":{"line":37,"column":8},"end":{"line":38,"column":25}}],"line":8}},"s":{"0":1,"1":19,"2":0,"3":0,"4":1,"5":0,"6":18},"f":{"0":19},"b":{"0":[18],"1":[0,0,1,0,18]},"_coverageSchema":"1a1c01bbd47fc00a2c39e90264f33305004495a9","hash":"2086fc7438df0b4fdc13f833d1c7a65ca3e747a3"}
,"/Users/Tom/Dev/node_projects/video_site/client/src/js/services/ApiService.js": {"path":"/Users/Tom/Dev/node_projects/video_site/client/src/js/services/ApiService.js","statementMap":{"0":{"start":{"line":3,"column":17},"end":{"line":5,"column":2}},"1":{"start":{"line":8,"column":12},"end":{"line":8,"column":14}},"2":{"start":{"line":11,"column":8},"end":{"line":11,"column":66}},"3":{"start":{"line":11,"column":43},"end":{"line":11,"column":66}},"4":{"start":{"line":12,"column":8},"end":{"line":12,"column":44}},"5":{"start":{"line":16,"column":8},"end":{"line":24,"column":11}},"6":{"start":{"line":17,"column":12},"end":{"line":23,"column":19}},"7":{"start":{"line":19,"column":20},"end":{"line":19,"column":43}},"8":{"start":{"line":21,"column":20},"end":{"line":21,"column":39}},"9":{"start":{"line":22,"column":20},"end":{"line":22,"column":46}},"10":{"start":{"line":28,"column":8},"end":{"line":36,"column":11}},"11":{"start":{"line":29,"column":12},"end":{"line":35,"column":19}},"12":{"start":{"line":31,"column":20},"end":{"line":31,"column":43}},"13":{"start":{"line":33,"column":20},"end":{"line":33,"column":39}},"14":{"start":{"line":34,"column":20},"end":{"line":34,"column":46}},"15":{"start":{"line":40,"column":20},"end":{"line":40,"column":27}},"16":{"start":{"line":41,"column":8},"end":{"line":43,"column":10}},"17":{"start":{"line":42,"column":12},"end":{"line":42,"column":37}},"18":{"start":{"line":47,"column":20},"end":{"line":47,"column":36}},"19":{"start":{"line":48,"column":8},"end":{"line":48,"column":36}},"20":{"start":{"line":52,"column":20},"end":{"line":52,"column":33}},"21":{"start":{"line":53,"column":8},"end":{"line":53,"column":36}}},"fnMap":{"0":{"name":"(anonymous_0)","decl":{"start":{"line":10,"column":4},"end":{"line":10,"column":5}},"loc":{"start":{"line":10,"column":28},"end":{"line":13,"column":5}},"line":10},"1":{"name":"(anonymous_1)","decl":{"start":{"line":15,"column":4},"end":{"line":15,"column":5}},"loc":{"start":{"line":15,"column":13},"end":{"line":25,"column":5}},"line":15},"2":{"name":"(anonymous_2)","decl":{"start":{"line":16,"column":27},"end":{"line":16,"column":28}},"loc":{"start":{"line":16,"column":48},"end":{"line":24,"column":9}},"line":16},"3":{"name":"(anonymous_3)","decl":{"start":{"line":18,"column":22},"end":{"line":18,"column":23}},"loc":{"start":{"line":18,"column":34},"end":{"line":20,"column":17}},"line":18},"4":{"name":"(anonymous_4)","decl":{"start":{"line":20,"column":25},"end":{"line":20,"column":26}},"loc":{"start":{"line":20,"column":32},"end":{"line":23,"column":17}},"line":20},"5":{"name":"(anonymous_5)","decl":{"start":{"line":27,"column":4},"end":{"line":27,"column":5}},"loc":{"start":{"line":27,"column":35},"end":{"line":37,"column":5}},"line":27},"6":{"name":"(anonymous_6)","decl":{"start":{"line":28,"column":27},"end":{"line":28,"column":28}},"loc":{"start":{"line":28,"column":48},"end":{"line":36,"column":9}},"line":28},"7":{"name":"(anonymous_7)","decl":{"start":{"line":30,"column":22},"end":{"line":30,"column":23}},"loc":{"start":{"line":30,"column":34},"end":{"line":32,"column":17}},"line":30},"8":{"name":"(anonymous_8)","decl":{"start":{"line":32,"column":25},"end":{"line":32,"column":26}},"loc":{"start":{"line":32,"column":32},"end":{"line":35,"column":17}},"line":32},"9":{"name":"(anonymous_9)","decl":{"start":{"line":39,"column":4},"end":{"line":39,"column":5}},"loc":{"start":{"line":39,"column":13},"end":{"line":44,"column":5}},"line":39},"10":{"name":"(anonymous_10)","decl":{"start":{"line":41,"column":35},"end":{"line":41,"column":36}},"loc":{"start":{"line":41,"column":41},"end":{"line":43,"column":9}},"line":41},"11":{"name":"(anonymous_11)","decl":{"start":{"line":46,"column":4},"end":{"line":46,"column":5}},"loc":{"start":{"line":46,"column":22},"end":{"line":49,"column":5}},"line":46},"12":{"name":"(anonymous_12)","decl":{"start":{"line":51,"column":4},"end":{"line":51,"column":5}},"loc":{"start":{"line":51,"column":19},"end":{"line":54,"column":5}},"line":51}},"branchMap":{"0":{"loc":{"start":{"line":11,"column":8},"end":{"line":11,"column":66}},"type":"if","locations":[{"start":{"line":11,"column":8},"end":{"line":11,"column":66}},{"start":{"line":11,"column":8},"end":{"line":11,"column":66}}],"line":11},"1":{"loc":{"start":{"line":27,"column":22},"end":{"line":27,"column":33}},"type":"default-arg","locations":[{"start":{"line":27,"column":31},"end":{"line":27,"column":33}}],"line":27}},"s":{"0":1,"1":1,"2":0,"3":0,"4":0,"5":0,"6":0,"7":0,"8":0,"9":0,"10":0,"11":0,"12":0,"13":0,"14":0,"15":0,"16":0,"17":0,"18":0,"19":0,"20":0,"21":0},"f":{"0":0,"1":0,"2":0,"3":0,"4":0,"5":0,"6":0,"7":0,"8":0,"9":0,"10":0,"11":0,"12":0},"b":{"0":[0,0],"1":[0]},"_coverageSchema":"1a1c01bbd47fc00a2c39e90264f33305004495a9","hash":"8a0cc5000a4fa2e5e4c646e2a560a5421146cb4e"}
,"/Users/Tom/Dev/node_projects/video_site/client/src/js/services/TokenService.js": {"path":"/Users/Tom/Dev/node_projects/video_site/client/src/js/services/TokenService.js","statementMap":{"0":{"start":{"line":3,"column":8},"end":{"line":3,"column":50}},"1":{"start":{"line":4,"column":8},"end":{"line":4,"column":21}},"2":{"start":{"line":8,"column":8},"end":{"line":8,"column":50}},"3":{"start":{"line":12,"column":8},"end":{"line":12,"column":46}}},"fnMap":{"0":{"name":"(anonymous_0)","decl":{"start":{"line":2,"column":4},"end":{"line":2,"column":5}},"loc":{"start":{"line":2,"column":19},"end":{"line":5,"column":5}},"line":2},"1":{"name":"(anonymous_1)","decl":{"start":{"line":7,"column":4},"end":{"line":7,"column":5}},"loc":{"start":{"line":7,"column":14},"end":{"line":9,"column":5}},"line":7},"2":{"name":"(anonymous_2)","decl":{"start":{"line":11,"column":4},"end":{"line":11,"column":5}},"loc":{"start":{"line":11,"column":17},"end":{"line":13,"column":5}},"line":11}},"branchMap":{},"s":{"0":1,"1":1,"2":0,"3":0},"f":{"0":1,"1":0,"2":0},"b":{},"_coverageSchema":"1a1c01bbd47fc00a2c39e90264f33305004495a9","hash":"dc0fa66f3278dbc2d55091a2e468da4a2cfd080a"}
}
