TN:
SF:src/js/history.js
FNF:0
FNH:0
LF:0
LH:0
BRF:0
BRH:0
end_of_record
TN:
SF:src/js/__tests__/test-utils.js
FN:16,render
FN:24,Wrapper
FNF:2
FNH:2
FNDA:6,render
FNDA:6,Wrapper
DA:11,1
DA:25,6
DA:27,6
LF:3
LH:3
BRDA:18,0,0,6
BRDA:19,1,0,6
BRDA:20,2,0,6
BRF:3
BRH:3
end_of_record
TN:
SF:src/js/actions/userActions.js
FN:6,(anonymous_0)
FN:11,(anonymous_1)
FN:16,(anonymous_2)
FN:21,(anonymous_3)
FN:27,userRegister
FN:28,(anonymous_5)
FN:30,(anonymous_6)
FN:35,(anonymous_7)
FN:42,userLogin
FN:43,(anonymous_9)
FN:45,(anonymous_10)
FN:49,(anonymous_11)
FNF:12
FNH:4
FNDA:0,(anonymous_0)
FNDA:0,(anonymous_1)
FNDA:1,(anonymous_2)
FNDA:0,(anonymous_3)
FNDA:0,userRegister
FNDA:0,(anonymous_5)
FNDA:0,(anonymous_6)
FNDA:0,(anonymous_7)
FNDA:1,userLogin
FNDA:1,(anonymous_9)
FNDA:1,(anonymous_10)
FNDA:0,(anonymous_11)
DA:6,1
DA:11,1
DA:16,1
DA:21,1
DA:28,0
DA:29,0
DA:31,0
DA:32,0
DA:33,0
DA:34,0
DA:36,0
DA:37,0
DA:43,1
DA:44,1
DA:46,1
DA:47,1
DA:48,1
DA:50,0
DA:51,0
LF:19
LH:9
BRDA:42,0,0,1
BRF:1
BRH:1
end_of_record
TN:
SF:src/js/pages/LoginPage.tsx
FN:17,(anonymous_0)
FN:27,(anonymous_1)
FN:36,(anonymous_2)
FN:42,(anonymous_3)
FN:60,(anonymous_4)
FNF:5
FNH:5
FNDA:6,(anonymous_0)
FNDA:1,(anonymous_1)
FNDA:32,(anonymous_2)
FNDA:39,(anonymous_3)
FNDA:7,(anonymous_4)
DA:18,6
DA:20,6
DA:27,6
DA:28,1
DA:30,1
DA:36,6
DA:37,32
DA:43,39
DA:60,1
DA:61,7
DA:62,7
DA:68,1
LF:12
LH:12
BRF:0
BRH:0
end_of_record
TN:
SF:src/js/reducers/index.js
FN:5,(anonymous_0)
FNF:1
FNH:1
FNDA:6,(anonymous_0)
DA:5,6
LF:1
LH:1
BRF:0
BRH:0
end_of_record
TN:
SF:src/js/reducers/userReducer.js
FN:7,userReducer
FNF:1
FNH:1
FNDA:19,userReducer
DA:1,1
DA:8,19
DA:10,0
DA:17,0
DA:24,1
DA:31,0
DA:38,18
LF:7
LH:4
BRDA:7,0,0,18
BRDA:8,1,0,0
BRDA:8,1,1,0
BRDA:8,1,2,1
BRDA:8,1,3,0
BRDA:8,1,4,18
BRF:6
BRH:3
end_of_record
TN:
SF:src/js/services/ApiService.js
FN:10,(anonymous_0)
FN:15,(anonymous_1)
FN:16,(anonymous_2)
FN:18,(anonymous_3)
FN:20,(anonymous_4)
FN:27,(anonymous_5)
FN:28,(anonymous_6)
FN:30,(anonymous_7)
FN:32,(anonymous_8)
FN:39,(anonymous_9)
FN:41,(anonymous_10)
FN:46,(anonymous_11)
FN:51,(anonymous_12)
FNF:13
FNH:0
FNDA:0,(anonymous_0)
FNDA:0,(anonymous_1)
FNDA:0,(anonymous_2)
FNDA:0,(anonymous_3)
FNDA:0,(anonymous_4)
FNDA:0,(anonymous_5)
FNDA:0,(anonymous_6)
FNDA:0,(anonymous_7)
FNDA:0,(anonymous_8)
FNDA:0,(anonymous_9)
FNDA:0,(anonymous_10)
FNDA:0,(anonymous_11)
FNDA:0,(anonymous_12)
DA:3,1
DA:8,1
DA:11,0
DA:12,0
DA:16,0
DA:17,0
DA:19,0
DA:21,0
DA:22,0
DA:28,0
DA:29,0
DA:31,0
DA:33,0
DA:34,0
DA:40,0
DA:41,0
DA:42,0
DA:47,0
DA:48,0
DA:52,0
DA:53,0
LF:21
LH:2
BRDA:11,0,0,0
BRDA:11,0,1,0
BRDA:27,1,0,0
BRF:3
BRH:0
end_of_record
TN:
SF:src/js/services/TokenService.js
FN:2,(anonymous_0)
FN:7,(anonymous_1)
FN:11,(anonymous_2)
FNF:3
FNH:1
FNDA:1,(anonymous_0)
FNDA:0,(anonymous_1)
FNDA:0,(anonymous_2)
DA:3,1
DA:4,1
DA:8,0
DA:12,0
LF:4
LH:2
BRF:0
BRH:0
end_of_record
